{
  "stats": {
    "suites": 0,
    "tests": 1,
    "passes": 1,
    "pending": 0,
    "failures": 0,
    "start": "2022-04-28T12:41:34.885Z",
    "end": "2022-04-28T12:42:04.063Z",
    "duration": 29178,
    "testsRegistered": 1,
    "passPercent": 100,
    "pendingPercent": 0,
    "other": 0,
    "hasOther": false,
    "skipped": 0,
    "hasSkipped": false
  },
  "results": [
    {
      "uuid": "48ed03ff-539e-4abe-89c8-89e5c74baa16",
      "title": "",
      "fullFile": "cypress/integration/assert.ts",
      "file": "cypress/integration/assert.ts",
      "beforeHooks": [],
      "afterHooks": [],
      "tests": [
        {
          "title": "Login Lawyer Wangu site",
          "fullTitle": "Login Lawyer Wangu site",
          "timedOut": null,
          "duration": 24062,
          "state": "passed",
          "speed": "slow",
          "pass": true,
          "fail": false,
          "pending": false,
          "context": null,
          "code": "//   cy.viewport(1366, 768)\ncy.visit(\"https://staging.lawyerwangu.com/\");\ncy.wait(5000);\ncy.contains('Log in').click({ force: true });\nconsole.log('login');\ncy.get('#email', { timeout: 5000 }).type('lwtesterindi@gmail.com');\nconsole.log('enter email');\ncy.get('#con_password').type('tester@123');\ncy.contains('Sign in', { timeout: 5000 }).click();\n// Implicit Assertions\ncy.get('.btn-type2', { timeout: 5000 })\n    .should('contain', 'My Account')\n    .should('have.class', 'btn-type2')\n    .and('be.visible');\n// .should('be.enabled')\n// .should('be.disabled')\ncy.get('.btn-type2').invoke('attr', 'class')\n    .should('equal', 'btn-type2');",
          "err": {},
          "uuid": "ca73771c-818b-489d-8508-b470ee9dd53f",
          "parentUUID": "48ed03ff-539e-4abe-89c8-89e5c74baa16",
          "isHook": false,
          "skipped": false
        }
      ],
      "suites": [],
      "passes": [
        "ca73771c-818b-489d-8508-b470ee9dd53f"
      ],
      "failures": [],
      "pending": [],
      "skipped": [],
      "duration": 24062,
      "root": true,
      "rootEmpty": false,
      "_timeout": 2000
    }
  ],
  "meta": {
    "mocha": {
      "version": "7.0.1"
    },
    "mochawesome": {
      "options": {
        "quiet": false,
        "reportFilename": "mochawesome",
        "saveHtml": false,
        "saveJson": true,
        "consoleReporter": "spec",
        "useInlineDiffs": false,
        "code": true
      },
      "version": "7.1.3"
    },
    "marge": {
      "options": {
        "charts": true,
        "overwrite": false,
        "html": false,
        "json": true,
        "reportDir": "FirstProject/report/mochawesome-report"
      },
      "version": "6.2.0"
    }
  }
}