{
  "stats": {
    "suites": 0,
    "tests": 1,
    "passes": 0,
    "pending": 0,
    "failures": 1,
    "start": "2022-04-28T12:42:09.755Z",
    "end": "2022-04-28T12:43:03.629Z",
    "duration": 53874,
    "testsRegistered": 1,
    "passPercent": 0,
    "pendingPercent": 0,
    "other": 0,
    "hasOther": false,
    "skipped": 0,
    "hasSkipped": false
  },
  "results": [
    {
      "uuid": "c6bc4c93-8b62-49ab-8090-947b24911a2d",
      "title": "",
      "fullFile": "cypress/integration/Login.js",
      "file": "cypress/integration/Login.js",
      "beforeHooks": [],
      "afterHooks": [],
      "tests": [
        {
          "title": "Login Lawyer Wangu site",
          "fullTitle": "Login Lawyer Wangu site",
          "timedOut": null,
          "duration": 49307,
          "state": "failed",
          "speed": null,
          "pass": false,
          "fail": true,
          "pending": false,
          "context": null,
          "code": "cy.once('uncaught:exception', () => false);\ncy.visit(\"https://staging.lawyerwangu.com/\");\ncy.wait(5000);\ncy.contains('Log in').click({\n  force: true\n});\nconsole.log('login');\ncy.get('#email', {\n  timeout: 5000\n}).type('lwtesterindi@gmail.com');\nconsole.log('enter email');\ncy.get('#con_password').type('tester@123');\ncy.contains('Sign in', {\n  timeout: 5000\n}).click();\ncy.wait(5000);\ncy.get('.btn-type2').should(\"be.a\", \"button\");",
          "err": {
            "message": "AssertionError: Timed out retrying after 20000ms: expected '<a.btn-type2>' to be a button",
            "estack": "AssertionError: Timed out retrying after 20000ms: expected '<a.btn-type2>' to be a button\n    at Context.eval (https://staging.lawyerwangu.com/__cypress/tests?p=cypress\\integration\\Login.js:116:24)",
            "diff": null
          },
          "uuid": "bfd5f12e-1a79-4f8c-a197-b1a911596c21",
          "parentUUID": "c6bc4c93-8b62-49ab-8090-947b24911a2d",
          "isHook": false,
          "skipped": false
        }
      ],
      "suites": [],
      "passes": [],
      "failures": [
        "bfd5f12e-1a79-4f8c-a197-b1a911596c21"
      ],
      "pending": [],
      "skipped": [],
      "duration": 49307,
      "root": true,
      "rootEmpty": false,
      "_timeout": 2000
    }
  ],
  "meta": {
    "mocha": {
      "version": "7.0.1"
    },
    "mochawesome": {
      "options": {
        "quiet": false,
        "reportFilename": "mochawesome",
        "saveHtml": false,
        "saveJson": true,
        "consoleReporter": "spec",
        "useInlineDiffs": false,
        "code": true
      },
      "version": "7.1.3"
    },
    "marge": {
      "options": {
        "charts": true,
        "overwrite": false,
        "html": false,
        "json": true,
        "reportDir": "FirstProject/report/mochawesome-report"
      },
      "version": "6.2.0"
    }
  }
}