{
  "stats": {
    "suites": 0,
    "tests": 1,
    "passes": 1,
    "pending": 0,
    "failures": 0,
    "start": "2022-04-28T12:43:12.051Z",
    "end": "2022-04-28T12:43:32.608Z",
    "duration": 20557,
    "testsRegistered": 1,
    "passPercent": 100,
    "pendingPercent": 0,
    "other": 0,
    "hasOther": false,
    "skipped": 0,
    "hasSkipped": false
  },
  "results": [
    {
      "uuid": "9feb78c4-3b35-496d-9c03-fbd63ad23383",
      "title": "",
      "fullFile": "cypress/integration/my_first_test.js",
      "file": "cypress/integration/my_first_test.js",
      "beforeHooks": [],
      "afterHooks": [],
      "tests": [
        {
          "title": "Login Lawyer Wangu site",
          "fullTitle": "Login Lawyer Wangu site",
          "timedOut": null,
          "duration": 16508,
          "state": "passed",
          "speed": "slow",
          "pass": true,
          "fail": false,
          "pending": false,
          "context": null,
          "code": "cy.once('uncaught:exception', () => false);\ncy.visit(\"https://staging.lawyerwangu.com/\");\ncy.contains('Log in').click({\n  force: true\n});\nconsole.log('login');\ncy.get('#email', {\n  timeout: 20000\n}).type('lwtesterindi@gmail.com');\nconsole.log('enter email');\ncy.get('#con_password').type('tester@123');\ncy.contains('Sign in', {\n  timeout: 5000\n}).click();",
          "err": {},
          "uuid": "0054915c-617f-4bab-ba32-2e3aeb65469b",
          "parentUUID": "9feb78c4-3b35-496d-9c03-fbd63ad23383",
          "isHook": false,
          "skipped": false
        }
      ],
      "suites": [],
      "passes": [
        "0054915c-617f-4bab-ba32-2e3aeb65469b"
      ],
      "failures": [],
      "pending": [],
      "skipped": [],
      "duration": 16508,
      "root": true,
      "rootEmpty": false,
      "_timeout": 2000
    }
  ],
  "meta": {
    "mocha": {
      "version": "7.0.1"
    },
    "mochawesome": {
      "options": {
        "quiet": false,
        "reportFilename": "mochawesome",
        "saveHtml": false,
        "saveJson": true,
        "consoleReporter": "spec",
        "useInlineDiffs": false,
        "code": true
      },
      "version": "7.1.3"
    },
    "marge": {
      "options": {
        "charts": true,
        "overwrite": false,
        "html": false,
        "json": true,
        "reportDir": "FirstProject/report/mochawesome-report"
      },
      "version": "6.2.0"
    }
  }
}